<?xml version="1.0" encoding="UTF-8"?>
<testng-results ignored="0" total="6" passed="5" failed="1" skipped="0">
  <reporter-output>
  </reporter-output>
  <suite started-at="2022-12-21T05:11:53Z" name="Suite" finished-at="2022-12-21T05:14:50Z" duration-ms="177673">
    <groups>
    </groups>
    <test started-at="2022-12-21T05:11:53Z" name="Test" finished-at="2022-12-21T05:14:50Z" duration-ms="177673">
      <class name="Project1.Scenario6">
        <test-method is-config="true" signature="OpenWebPage()[pri:0, instance:Project1.Scenario6@5bf0fe62]" started-at="2022-12-21T05:14:34Z" name="OpenWebPage" finished-at="2022-12-21T05:14:39Z" duration-ms="5388" status="PASS">
          <reporter-output>
          </reporter-output>
        </test-method> <!-- OpenWebPage -->
        <test-method signature="ValidateLogin()[pri:0, instance:Project1.Scenario6@5bf0fe62]" started-at="2022-12-21T05:14:39Z" name="ValidateLogin" finished-at="2022-12-21T05:14:50Z" duration-ms="11550" status="PASS">
          <reporter-output>
          </reporter-output>
        </test-method> <!-- ValidateLogin -->
        <test-method is-config="true" signature="Closedriver()[pri:0, instance:Project1.Scenario6@5bf0fe62]" started-at="2022-12-21T05:14:50Z" name="Closedriver" finished-at="2022-12-21T05:14:50Z" duration-ms="0" status="PASS">
          <reporter-output>
          </reporter-output>
        </test-method> <!-- Closedriver -->
      </class> <!-- Project1.Scenario6 -->
      <class name="Project1.Scenario1">
        <test-method is-config="true" signature="OpenWebPage()[pri:0, instance:Project1.Scenario1@332796d3]" started-at="2022-12-21T05:11:53Z" name="OpenWebPage" finished-at="2022-12-21T05:11:59Z" duration-ms="6606" status="PASS">
          <reporter-output>
          </reporter-output>
        </test-method> <!-- OpenWebPage -->
        <test-method signature="ValidateLogin()[pri:0, instance:Project1.Scenario1@332796d3]" started-at="2022-12-21T05:11:59Z" name="ValidateLogin" finished-at="2022-12-21T05:12:14Z" duration-ms="14737" status="PASS">
          <reporter-output>
          </reporter-output>
        </test-method> <!-- ValidateLogin -->
        <test-method is-config="true" signature="Closedriver()[pri:0, instance:Project1.Scenario1@332796d3]" started-at="2022-12-21T05:12:14Z" name="Closedriver" finished-at="2022-12-21T05:12:15Z" duration-ms="365" status="PASS">
          <reporter-output>
          </reporter-output>
        </test-method> <!-- Closedriver -->
      </class> <!-- Project1.Scenario1 -->
      <class name="Project1.Scenario5">
        <test-method is-config="true" signature="OpenWebPage()[pri:0, instance:Project1.Scenario5@1c33c17b]" started-at="2022-12-21T05:13:48Z" name="OpenWebPage" finished-at="2022-12-21T05:13:56Z" duration-ms="8096" status="PASS">
          <reporter-output>
          </reporter-output>
        </test-method> <!-- OpenWebPage -->
        <test-method signature="ValidateLogin()[pri:0, instance:Project1.Scenario5@1c33c17b]" started-at="2022-12-21T05:13:56Z" name="ValidateLogin" finished-at="2022-12-21T05:14:33Z" duration-ms="37109" status="PASS">
          <reporter-output>
          </reporter-output>
        </test-method> <!-- ValidateLogin -->
        <test-method is-config="true" signature="Closedriver()[pri:0, instance:Project1.Scenario5@1c33c17b]" started-at="2022-12-21T05:14:33Z" name="Closedriver" finished-at="2022-12-21T05:14:34Z" duration-ms="376" status="PASS">
          <reporter-output>
          </reporter-output>
        </test-method> <!-- Closedriver -->
      </class> <!-- Project1.Scenario5 -->
      <class name="Project1.Scenario4">
        <test-method is-config="true" signature="OpenWebPage()[pri:0, instance:Project1.Scenario4@13ad5cd3]" started-at="2022-12-21T05:13:38Z" name="OpenWebPage" finished-at="2022-12-21T05:13:45Z" duration-ms="6129" status="PASS">
          <reporter-output>
          </reporter-output>
        </test-method> <!-- OpenWebPage -->
        <test-method signature="Validation()[pri:0, instance:Project1.Scenario4@13ad5cd3]" started-at="2022-12-21T05:13:45Z" name="Validation" finished-at="2022-12-21T05:13:48Z" duration-ms="3335" status="PASS">
          <reporter-output>
          </reporter-output>
        </test-method> <!-- Validation -->
        <test-method is-config="true" signature="Closedriver()[pri:0, instance:Project1.Scenario4@13ad5cd3]" started-at="2022-12-21T05:13:48Z" name="Closedriver" finished-at="2022-12-21T05:13:48Z" duration-ms="121" status="PASS">
          <reporter-output>
          </reporter-output>
        </test-method> <!-- Closedriver -->
      </class> <!-- Project1.Scenario4 -->
      <class name="Project1.Scenario3">
        <test-method is-config="true" signature="OpenWebPage()[pri:0, instance:Project1.Scenario3@3cdf2c61]" started-at="2022-12-21T05:13:08Z" name="OpenWebPage" finished-at="2022-12-21T05:13:16Z" duration-ms="8450" status="PASS">
          <reporter-output>
          </reporter-output>
        </test-method> <!-- OpenWebPage -->
        <test-method signature="Validation()[pri:0, instance:Project1.Scenario3@3cdf2c61]" started-at="2022-12-21T05:13:16Z" name="Validation" finished-at="2022-12-21T05:13:38Z" duration-ms="21672" status="FAIL">
          <exception class="org.openqa.selenium.ElementClickInterceptedException">
            <message>
              <![CDATA[element click intercepted: Element <a class="orangehrm-tabs-item" href="/web/index.php/pim/contactDetails/empNumber/75" data-v-0c35ff1f="">...</a> is not clickable at point (414, 13). Other element would receive the click: <div class="oxd-topbar-header-title" data-v-1c40f28d="">...</div>
  (Session info: chrome=108.0.5359.125)
Build info: version: '4.4.0', revision: 'e5c75ed026a'
System info: host: 'PMJ', ip: '192.168.166.141', os.name: 'Windows 11', os.arch: 'amd64', os.version: '10.0', java.version: '17.0.4.1'
Driver info: org.openqa.selenium.chrome.ChromeDriver
Command: [1ce6789b34be58632691e23976983f81, clickElement {id=bed119f0-dc11-46f3-80ba-3c5b751cc531}]
Capabilities {acceptInsecureCerts: false, browserName: chrome, browserVersion: 108.0.5359.125, chrome: {chromedriverVersion: 108.0.5359.71 (1e0e3868ee06..., userDataDir: C:\Users\prave\AppData\Loca...}, goog:chromeOptions: {debuggerAddress: localhost:50390}, networkConnectionEnabled: false, pageLoadStrategy: normal, platformName: WINDOWS, proxy: Proxy(), se:cdp: ws://localhost:50390/devtoo..., se:cdpVersion: 108.0.5359.125, setWindowRect: true, strictFileInteractability: false, timeouts: {implicit: 0, pageLoad: 300000, script: 30000}, unhandledPromptBehavior: dismiss and notify, webauthn:extension:credBlob: true, webauthn:extension:largeBlob: true, webauthn:virtualAuthenticators: true}
Element: [[ChromeDriver: chrome on WINDOWS (1ce6789b34be58632691e23976983f81)] -> xpath: //*[@id="app"]/div[1]/div[2]/div[2]/div/div/div/div[1]/div[2]/div[2]/a]
Session ID: 1ce6789b34be58632691e23976983f81]]>
            </message>
            <full-stacktrace>
              <![CDATA[org.openqa.selenium.ElementClickInterceptedException: element click intercepted: Element <a class="orangehrm-tabs-item" href="/web/index.php/pim/contactDetails/empNumber/75" data-v-0c35ff1f="">...</a> is not clickable at point (414, 13). Other element would receive the click: <div class="oxd-topbar-header-title" data-v-1c40f28d="">...</div>
  (Session info: chrome=108.0.5359.125)
Build info: version: '4.4.0', revision: 'e5c75ed026a'
System info: host: 'PMJ', ip: '192.168.166.141', os.name: 'Windows 11', os.arch: 'amd64', os.version: '10.0', java.version: '17.0.4.1'
Driver info: org.openqa.selenium.chrome.ChromeDriver
Command: [1ce6789b34be58632691e23976983f81, clickElement {id=bed119f0-dc11-46f3-80ba-3c5b751cc531}]
Capabilities {acceptInsecureCerts: false, browserName: chrome, browserVersion: 108.0.5359.125, chrome: {chromedriverVersion: 108.0.5359.71 (1e0e3868ee06..., userDataDir: C:\Users\prave\AppData\Loca...}, goog:chromeOptions: {debuggerAddress: localhost:50390}, networkConnectionEnabled: false, pageLoadStrategy: normal, platformName: WINDOWS, proxy: Proxy(), se:cdp: ws://localhost:50390/devtoo..., se:cdpVersion: 108.0.5359.125, setWindowRect: true, strictFileInteractability: false, timeouts: {implicit: 0, pageLoad: 300000, script: 30000}, unhandledPromptBehavior: dismiss and notify, webauthn:extension:credBlob: true, webauthn:extension:largeBlob: true, webauthn:virtualAuthenticators: true}
Element: [[ChromeDriver: chrome on WINDOWS (1ce6789b34be58632691e23976983f81)] -> xpath: //*[@id="app"]/div[1]/div[2]/div[2]/div/div/div/div[1]/div[2]/div[2]/a]
Session ID: 1ce6789b34be58632691e23976983f81
at java.base/jdk.internal.reflect.NativeConstructorAccessorImpl.newInstance0(Native Method)
at java.base/jdk.internal.reflect.NativeConstructorAccessorImpl.newInstance(NativeConstructorAccessorImpl.java:77)
at java.base/jdk.internal.reflect.DelegatingConstructorAccessorImpl.newInstance(DelegatingConstructorAccessorImpl.java:45)
at java.base/java.lang.reflect.Constructor.newInstanceWithCaller(Constructor.java:499)
at java.base/java.lang.reflect.Constructor.newInstance(Constructor.java:480)
at org.openqa.selenium.remote.codec.w3c.W3CHttpResponseCodec.createException(W3CHttpResponseCodec.java:200)
at org.openqa.selenium.remote.codec.w3c.W3CHttpResponseCodec.decode(W3CHttpResponseCodec.java:133)
at org.openqa.selenium.remote.codec.w3c.W3CHttpResponseCodec.decode(W3CHttpResponseCodec.java:53)
at org.openqa.selenium.remote.HttpCommandExecutor.execute(HttpCommandExecutor.java:184)
at org.openqa.selenium.remote.service.DriverCommandExecutor.invokeExecute(DriverCommandExecutor.java:167)
at org.openqa.selenium.remote.service.DriverCommandExecutor.execute(DriverCommandExecutor.java:142)
at org.openqa.selenium.remote.RemoteWebDriver.execute(RemoteWebDriver.java:547)
at org.openqa.selenium.remote.RemoteWebElement.execute(RemoteWebElement.java:257)
at org.openqa.selenium.remote.RemoteWebElement.click(RemoteWebElement.java:78)
at Pages.MyInfo.Myinfo(MyInfo.java:48)
at Project1.Scenario3.Validation(Scenario3.java:27)
at java.base/jdk.internal.reflect.NativeMethodAccessorImpl.invoke0(Native Method)
at java.base/jdk.internal.reflect.NativeMethodAccessorImpl.invoke(NativeMethodAccessorImpl.java:77)
at java.base/jdk.internal.reflect.DelegatingMethodAccessorImpl.invoke(DelegatingMethodAccessorImpl.java:43)
at java.base/java.lang.reflect.Method.invoke(Method.java:568)
at org.testng.internal.MethodInvocationHelper.invokeMethod(MethodInvocationHelper.java:124)
at org.testng.internal.Invoker.invokeMethod(Invoker.java:583)
at org.testng.internal.Invoker.invokeTestMethod(Invoker.java:719)
at org.testng.internal.Invoker.invokeTestMethods(Invoker.java:989)
at org.testng.internal.TestMethodWorker.invokeTestMethods(TestMethodWorker.java:125)
at org.testng.internal.TestMethodWorker.run(TestMethodWorker.java:109)
at org.testng.TestRunner.privateRun(TestRunner.java:648)
at org.testng.TestRunner.run(TestRunner.java:505)
at org.testng.SuiteRunner.runTest(SuiteRunner.java:455)
at org.testng.SuiteRunner.runSequentially(SuiteRunner.java:450)
at org.testng.SuiteRunner.privateRun(SuiteRunner.java:415)
at org.testng.SuiteRunner.run(SuiteRunner.java:364)
at org.testng.SuiteRunnerWorker.runSuite(SuiteRunnerWorker.java:52)
at org.testng.SuiteRunnerWorker.run(SuiteRunnerWorker.java:84)
at org.testng.TestNG.runSuitesSequentially(TestNG.java:1208)
at org.testng.TestNG.runSuitesLocally(TestNG.java:1137)
at org.testng.TestNG.runSuites(TestNG.java:1049)
at org.testng.TestNG.run(TestNG.java:1017)
at org.apache.maven.surefire.testng.TestNGExecutor.run(TestNGExecutor.java:324)
at org.apache.maven.surefire.testng.TestNGXmlTestSuite.execute(TestNGXmlTestSuite.java:74)
at org.apache.maven.surefire.testng.TestNGProvider.invoke(TestNGProvider.java:123)
at org.apache.maven.surefire.booter.ForkedBooter.runSuitesInProcess(ForkedBooter.java:456)
at org.apache.maven.surefire.booter.ForkedBooter.execute(ForkedBooter.java:169)
at org.apache.maven.surefire.booter.ForkedBooter.run(ForkedBooter.java:595)
at org.apache.maven.surefire.booter.ForkedBooter.main(ForkedBooter.java:581)
]]>
            </full-stacktrace>
          </exception> <!-- org.openqa.selenium.ElementClickInterceptedException -->
          <reporter-output>
          </reporter-output>
        </test-method> <!-- Validation -->
        <test-method is-config="true" signature="Closedriver()[pri:0, instance:Project1.Scenario3@3cdf2c61]" started-at="2022-12-21T05:13:38Z" name="Closedriver" finished-at="2022-12-21T05:13:38Z" duration-ms="310" status="PASS">
          <reporter-output>
          </reporter-output>
        </test-method> <!-- Closedriver -->
      </class> <!-- Project1.Scenario3 -->
      <class name="Project1.Scenario2">
        <test-method is-config="true" signature="OpenWebPage()[pri:0, instance:Project1.Scenario2@4f0100a7]" started-at="2022-12-21T05:12:15Z" name="OpenWebPage" finished-at="2022-12-21T05:12:21Z" duration-ms="6123" status="PASS">
          <reporter-output>
          </reporter-output>
        </test-method> <!-- OpenWebPage -->
        <test-method signature="Validation()[pri:0, instance:Project1.Scenario2@4f0100a7]" started-at="2022-12-21T05:12:21Z" name="Validation" finished-at="2022-12-21T05:13:08Z" duration-ms="46932" status="PASS">
          <reporter-output>
          </reporter-output>
        </test-method> <!-- Validation -->
        <test-method is-config="true" signature="Closedriver()[pri:0, instance:Project1.Scenario2@4f0100a7]" started-at="2022-12-21T05:13:08Z" name="Closedriver" finished-at="2022-12-21T05:13:08Z" duration-ms="333" status="PASS">
          <reporter-output>
          </reporter-output>
        </test-method> <!-- Closedriver -->
      </class> <!-- Project1.Scenario2 -->
    </test> <!-- Test -->
  </suite> <!-- Suite -->
</testng-results>
