<?xml version="1.0" encoding="UTF-8"?>
<testng-results ignored="0" total="1" passed="1" failed="0" skipped="0">
  <reporter-output>
  </reporter-output>
  <suite started-at="2022-12-22T11:52:58Z" name="Default suite" finished-at="2022-12-22T11:53:36Z" duration-ms="38560">
    <groups>
    </groups>
    <test started-at="2022-12-22T11:52:58Z" name="Default test" finished-at="2022-12-22T11:53:36Z" duration-ms="38560">
      <class name="Project1.Scenario6">
        <test-method is-config="true" signature="OpenWebPage()[pri:0, instance:Project1.Scenario6@5f354bcf]" started-at="2022-12-22T11:52:58Z" name="OpenWebPage" finished-at="2022-12-22T11:53:05Z" duration-ms="7359" status="PASS">
          <reporter-output>
          </reporter-output>
        </test-method> <!-- OpenWebPage -->
        <test-method signature="ValidateLogin()[pri:0, instance:Project1.Scenario6@5f354bcf]" started-at="2022-12-22T11:53:05Z" name="ValidateLogin" finished-at="2022-12-22T11:53:36Z" duration-ms="30807" status="PASS">
          <reporter-output>
          </reporter-output>
        </test-method> <!-- ValidateLogin -->
        <test-method is-config="true" signature="Closedriver()[pri:0, instance:Project1.Scenario6@5f354bcf]" started-at="2022-12-22T11:53:36Z" name="Closedriver" finished-at="2022-12-22T11:53:36Z" duration-ms="351" status="PASS">
          <reporter-output>
          </reporter-output>
        </test-method> <!-- Closedriver -->
      </class> <!-- Project1.Scenario6 -->
    </test> <!-- Default test -->
  </suite> <!-- Default suite -->
</testng-results>
